<?xml version="1.0" encoding="UTF-8"?>
<robot generator="Robot 7.0 (Python 3.11.4 on win32)" generated="2024-06-07T10:26:32.662061" rpa="false" schemaversion="5">
<suite id="s1" name="Verify Valid Pet Suite Csv" source="C:\Mine\Company\Swift Support\AutomationFramework\api_test_suites\2__verify_valid_pet_suite_csv.robot">
<kw name="Create Session For Petshop" owner="CommonFunctionality" type="SETUP">
<kw name="Create Session" owner="RequestsLibrary">
<msg time="2024-06-07T10:26:33.187459" level="INFO">Creating Session using : alias=petshop, url=https://petstore.swagger.io/v2/, headers={},                     cookies={}, auth=None, timeout=None, proxies=None, verify=False,                     debug=0 </msg>
<arg>alias=petshop</arg>
<arg>url=https://petstore.swagger.io/v2/</arg>
<doc>Create Session: create a HTTP session to a server</doc>
<status status="PASS" start="2024-06-07T10:26:33.187459" elapsed="0.001995"/>
</kw>
<status status="PASS" start="2024-06-07T10:26:33.186461" elapsed="0.002993"/>
</kw>
<test id="s1-t1" name="TC1_TC1" line="15">
<kw name="Verify Pet By Id Template">
<kw name="GET On Session" owner="RequestsLibrary">
<msg time="2024-06-07T10:26:33.766671" level="INFO">GET Request : url=https://petstore.swagger.io/v2/pet/201 
 path_url=/v2/pet/201 
 headers={'User-Agent': 'python-requests/2.31.0', 'Accept-Encoding': 'gzip, deflate, br', 'Accept': '*/*', 'Connection': 'keep-alive'} 
 body=None 
 </msg>
<msg time="2024-06-07T10:26:33.767670" level="INFO">GET Response : url=https://petstore.swagger.io/v2/pet/201 
 status=404, reason=Not Found 
 headers={'Date': 'Fri, 07 Jun 2024 09:26:33 GMT', 'Content-Type': 'application/json', 'Transfer-Encoding': 'chunked', 'Connection': 'keep-alive', 'Access-Control-Allow-Origin': '*', 'Access-Control-Allow-Methods': 'GET, POST, DELETE, PUT', 'Access-Control-Allow-Headers': 'Content-Type, api_key, Authorization', 'Server': 'Jetty(9.2.9.v20150224)'} 
 body={"code":1,"type":"error","message":"Pet not found"} 
 </msg>
<msg time="2024-06-07T10:26:33.767670" level="INFO">C:\Program Files\Python311\Lib\site-packages\urllib3\connectionpool.py:1056: InsecureRequestWarning: Unverified HTTPS request is being made to host 'petstore.swagger.io'. Adding certificate verification is strongly advised. See: https://urllib3.readthedocs.io/en/1.26.x/advanced-usage.html#ssl-warnings
  warnings.warn(</msg>
<msg time="2024-06-07T10:26:33.767670" level="INFO">${response} = &lt;Response [404]&gt;</msg>
<var>${response}</var>
<arg>alias=petshop</arg>
<arg>url=/pet/${pet_id}</arg>
<arg>expected_status=${expected_status}</arg>
<doc>Sends a GET request on a previously created HTTP Session.</doc>
<status status="PASS" start="2024-06-07T10:26:33.191448" elapsed="0.576222"/>
</kw>
<kw name="Log" owner="BuiltIn">
<msg time="2024-06-07T10:26:33.769672" level="INFO">{'code': 1, 'type': 'error', 'message': 'Pet not found'}</msg>
<arg>${response.json()}</arg>
<doc>Logs the given message with the given level.</doc>
<status status="PASS" start="2024-06-07T10:26:33.767670" elapsed="0.002999"/>
</kw>
<kw name="Status Should Be" owner="RequestsLibrary">
<arg>${expected_status}</arg>
<doc>Fails if response status code is different than the expected.</doc>
<status status="PASS" start="2024-06-07T10:26:33.770669" elapsed="0.000996"/>
</kw>
<if>
<branch type="IF" condition="${expected_status} == 200">
<kw name="Should Be Equal As Numbers" owner="BuiltIn">
<arg>${response.json()}[id]</arg>
<arg>${pet_id}</arg>
<doc>Fails if objects are unequal after converting them to real numbers.</doc>
<status status="NOT RUN" start="2024-06-07T10:26:33.773660" elapsed="0.000993"/>
</kw>
<status status="NOT RUN" start="2024-06-07T10:26:33.772662" elapsed="0.001991"/>
</branch>
<status status="PASS" start="2024-06-07T10:26:33.772662" elapsed="0.001991"/>
</if>
<arg>201</arg>
<arg>404</arg>
<status status="PASS" start="2024-06-07T10:26:33.191448" elapsed="0.584200"/>
</kw>
<status status="PASS" start="2024-06-07T10:26:33.189454" elapsed="0.586194"/>
</test>
<test id="s1-t2" name="TC1_TC2" line="15">
<kw name="Verify Pet By Id Template">
<kw name="GET On Session" owner="RequestsLibrary">
<msg time="2024-06-07T10:26:33.931090" level="INFO">GET Request : url=https://petstore.swagger.io/v2/pet/101 
 path_url=/v2/pet/101 
 headers={'User-Agent': 'python-requests/2.31.0', 'Accept-Encoding': 'gzip, deflate, br', 'Accept': '*/*', 'Connection': 'keep-alive'} 
 body=None 
 </msg>
<msg time="2024-06-07T10:26:33.931090" level="INFO">GET Response : url=https://petstore.swagger.io/v2/pet/101 
 status=200, reason=OK 
 headers={'Date': 'Fri, 07 Jun 2024 09:26:34 GMT', 'Content-Type': 'application/json', 'Transfer-Encoding': 'chunked', 'Connection': 'keep-alive', 'Access-Control-Allow-Origin': '*', 'Access-Control-Allow-Methods': 'GET, POST, DELETE, PUT', 'Access-Control-Allow-Headers': 'Content-Type, api_key, Authorization', 'Server': 'Jetty(9.2.9.v20150224)'} 
 body={"id":101,"category":{"id":0,"name":"string"},"name":"doggie-101","photoUrls":["string"],"tags":[{"id":0,"name":"string"}],"status":"available"} 
 </msg>
<msg time="2024-06-07T10:26:33.931090" level="INFO">C:\Program Files\Python311\Lib\site-packages\urllib3\connectionpool.py:1056: InsecureRequestWarning: Unverified HTTPS request is being made to host 'petstore.swagger.io'. Adding certificate verification is strongly advised. See: https://urllib3.readthedocs.io/en/1.26.x/advanced-usage.html#ssl-warnings
  warnings.warn(</msg>
<msg time="2024-06-07T10:26:33.932078" level="INFO">${response} = &lt;Response [200]&gt;</msg>
<var>${response}</var>
<arg>alias=petshop</arg>
<arg>url=/pet/${pet_id}</arg>
<arg>expected_status=${expected_status}</arg>
<doc>Sends a GET request on a previously created HTTP Session.</doc>
<status status="PASS" start="2024-06-07T10:26:33.782636" elapsed="0.149442"/>
</kw>
<kw name="Log" owner="BuiltIn">
<msg time="2024-06-07T10:26:33.933073" level="INFO">{'id': 101, 'category': {'id': 0, 'name': 'string'}, 'name': 'doggie-101', 'photoUrls': ['string'], 'tags': [{'id': 0, 'name': 'string'}], 'status': 'available'}</msg>
<arg>${response.json()}</arg>
<doc>Logs the given message with the given level.</doc>
<status status="PASS" start="2024-06-07T10:26:33.932078" elapsed="0.000995"/>
</kw>
<kw name="Status Should Be" owner="RequestsLibrary">
<arg>${expected_status}</arg>
<doc>Fails if response status code is different than the expected.</doc>
<status status="PASS" start="2024-06-07T10:26:33.933073" elapsed="0.000000"/>
</kw>
<if>
<branch type="IF" condition="${expected_status} == 200">
<kw name="Should Be Equal As Numbers" owner="BuiltIn">
<msg time="2024-06-07T10:26:33.934071" level="INFO">Argument types are:
&lt;class 'int'&gt;
&lt;class 'str'&gt;</msg>
<arg>${response.json()}[id]</arg>
<arg>${pet_id}</arg>
<doc>Fails if objects are unequal after converting them to real numbers.</doc>
<status status="PASS" start="2024-06-07T10:26:33.933073" elapsed="0.000998"/>
</kw>
<status status="PASS" start="2024-06-07T10:26:33.933073" elapsed="0.000998"/>
</branch>
<status status="PASS" start="2024-06-07T10:26:33.933073" elapsed="0.000998"/>
</if>
<arg>101</arg>
<arg>200</arg>
<status status="PASS" start="2024-06-07T10:26:33.781640" elapsed="0.152431"/>
</kw>
<status status="PASS" start="2024-06-07T10:26:33.777652" elapsed="0.157416"/>
</test>
<test id="s1-t3" name="TC1_TC3" line="15">
<kw name="Verify Pet By Id Template">
<kw name="GET On Session" owner="RequestsLibrary">
<msg time="2024-06-07T10:26:34.073718" level="INFO">GET Request : url=https://petstore.swagger.io/v2/pet/102 
 path_url=/v2/pet/102 
 headers={'User-Agent': 'python-requests/2.31.0', 'Accept-Encoding': 'gzip, deflate, br', 'Accept': '*/*', 'Connection': 'keep-alive'} 
 body=None 
 </msg>
<msg time="2024-06-07T10:26:34.074695" level="INFO">GET Response : url=https://petstore.swagger.io/v2/pet/102 
 status=404, reason=Not Found 
 headers={'Date': 'Fri, 07 Jun 2024 09:26:34 GMT', 'Content-Type': 'application/json', 'Transfer-Encoding': 'chunked', 'Connection': 'keep-alive', 'Access-Control-Allow-Origin': '*', 'Access-Control-Allow-Methods': 'GET, POST, DELETE, PUT', 'Access-Control-Allow-Headers': 'Content-Type, api_key, Authorization', 'Server': 'Jetty(9.2.9.v20150224)'} 
 body={"code":1,"type":"error","message":"Pet not found"} 
 </msg>
<msg time="2024-06-07T10:26:34.074695" level="INFO">C:\Program Files\Python311\Lib\site-packages\urllib3\connectionpool.py:1056: InsecureRequestWarning: Unverified HTTPS request is being made to host 'petstore.swagger.io'. Adding certificate verification is strongly advised. See: https://urllib3.readthedocs.io/en/1.26.x/advanced-usage.html#ssl-warnings
  warnings.warn(</msg>
<msg time="2024-06-07T10:26:34.074695" level="INFO">${response} = &lt;Response [404]&gt;</msg>
<var>${response}</var>
<arg>alias=petshop</arg>
<arg>url=/pet/${pet_id}</arg>
<arg>expected_status=${expected_status}</arg>
<doc>Sends a GET request on a previously created HTTP Session.</doc>
<status status="PASS" start="2024-06-07T10:26:33.937062" elapsed="0.137633"/>
</kw>
<kw name="Log" owner="BuiltIn">
<msg time="2024-06-07T10:26:34.075692" level="INFO">{'code': 1, 'type': 'error', 'message': 'Pet not found'}</msg>
<arg>${response.json()}</arg>
<doc>Logs the given message with the given level.</doc>
<status status="PASS" start="2024-06-07T10:26:34.075692" elapsed="0.000000"/>
</kw>
<kw name="Status Should Be" owner="RequestsLibrary">
<arg>${expected_status}</arg>
<doc>Fails if response status code is different than the expected.</doc>
<status status="PASS" start="2024-06-07T10:26:34.076694" elapsed="0.000000"/>
</kw>
<if>
<branch type="IF" condition="${expected_status} == 200">
<kw name="Should Be Equal As Numbers" owner="BuiltIn">
<arg>${response.json()}[id]</arg>
<arg>${pet_id}</arg>
<doc>Fails if objects are unequal after converting them to real numbers.</doc>
<status status="NOT RUN" start="2024-06-07T10:26:34.076694" elapsed="0.000994"/>
</kw>
<status status="NOT RUN" start="2024-06-07T10:26:34.076694" elapsed="0.000994"/>
</branch>
<status status="PASS" start="2024-06-07T10:26:34.076694" elapsed="0.000994"/>
</if>
<arg>102</arg>
<arg>404</arg>
<status status="PASS" start="2024-06-07T10:26:33.936064" elapsed="0.141624"/>
</kw>
<status status="PASS" start="2024-06-07T10:26:33.935068" elapsed="0.142620"/>
</test>
<kw name="Delete All Sessions" owner="RequestsLibrary" type="TEARDOWN">
<msg time="2024-06-07T10:26:34.078683" level="INFO">Deleting All Sessions</msg>
<doc>Removes all the session objects</doc>
<status status="PASS" start="2024-06-07T10:26:34.078683" elapsed="0.000000"/>
</kw>
<doc>This suite consist of all test case related to get pet by id</doc>
<status status="PASS" start="2024-06-07T10:26:32.666052" elapsed="1.412631"/>
</suite>
<statistics>
<total>
<stat pass="3" fail="0" skip="0">All Tests</stat>
</total>
<tag>
</tag>
<suite>
<stat pass="3" fail="0" skip="0" id="s1" name="Verify Valid Pet Suite Csv">Verify Valid Pet Suite Csv</stat>
</suite>
</statistics>
<errors>
</errors>
</robot>
